<?xml version="1.0" encoding="UTF-8"?>
<testsuite name="com.example.calculatrice.CalculatriceApplicationTests" tests="1" skipped="0" failures="0" errors="0" timestamp="2024-11-17T15:33:31" hostname="abdo-computer" time="0.064">
  <properties/>
  <testcase name="testSum()" classname="com.example.calculatrice.CalculatriceApplicationTests" time="0.064"/>
  <system-out><![CDATA[]]></system-out>
  <system-err><![CDATA[]]></system-err>
</testsuite>
